Using pre-set license
Built from '2021.3/release' branch; Version is '2021.3.17f1 (3e8111cac19d) revision 4096273'; Using compiler version '192829333'; Build Type 'Release'
OS: 'Windows 10  (10.0.19045) 64bit Enterprise' Language: 'en' Physical Memory: 32466 MB
BatchMode: 1, IsHumanControllingUs: 0, StartBugReporterOnCrash: 0, Is64bit: 1, IsPro: 1

COMMAND LINE ARGUMENTS:
C:\Program Files\Unity\Hub\Editor\2021.3.17f1\Editor\Unity.exe
-adb2
-batchMode
-noUpm
-name
AssetImportWorker5
-projectPath
C:/Users/var05erick/Documents/Unity AR/Unity 2/Unity2Erick
-logFile
Logs/AssetImportWorker5.log
-srvPort
11185
Successfully changed project path to: C:/Users/var05erick/Documents/Unity AR/Unity 2/Unity2Erick
C:/Users/var05erick/Documents/Unity AR/Unity 2/Unity2Erick
[UnityMemory] Configuration Parameters - Can be set up in boot.config
    "memorysetup-bucket-allocator-granularity=16"
    "memorysetup-bucket-allocator-bucket-count=8"
    "memorysetup-bucket-allocator-block-size=33554432"
    "memorysetup-bucket-allocator-block-count=8"
    "memorysetup-main-allocator-block-size=16777216"
    "memorysetup-thread-allocator-block-size=16777216"
    "memorysetup-gfx-main-allocator-block-size=16777216"
    "memorysetup-gfx-thread-allocator-block-size=16777216"
    "memorysetup-cache-allocator-block-size=4194304"
    "memorysetup-typetree-allocator-block-size=2097152"
    "memorysetup-profiler-bucket-allocator-granularity=16"
    "memorysetup-profiler-bucket-allocator-bucket-count=8"
    "memorysetup-profiler-bucket-allocator-block-size=33554432"
    "memorysetup-profiler-bucket-allocator-block-count=8"
    "memorysetup-profiler-allocator-block-size=16777216"
    "memorysetup-profiler-editor-allocator-block-size=1048576"
    "memorysetup-temp-allocator-size-main=16777216"
    "memorysetup-job-temp-allocator-block-size=2097152"
    "memorysetup-job-temp-allocator-block-size-background=1048576"
    "memorysetup-job-temp-allocator-reduction-small-platforms=262144"
    "memorysetup-temp-allocator-size-background-worker=32768"
    "memorysetup-temp-allocator-size-job-worker=262144"
    "memorysetup-temp-allocator-size-preload-manager=33554432"
    "memorysetup-temp-allocator-size-nav-mesh-worker=65536"
    "memorysetup-temp-allocator-size-audio-worker=65536"
    "memorysetup-temp-allocator-size-cloud-worker=32768"
    "memorysetup-temp-allocator-size-gi-baking-worker=262144"
    "memorysetup-temp-allocator-size-gfx=262144"
Player connection [5464] Host "[IP] 10.130.172.92 [Port] 0 [Flags] 2 [Guid] 768116775 [EditorId] 768116775 [Version] 1048832 [Id] WindowsEditor(7,VAR107) [Debug] 1 [PackageName] WindowsEditor [ProjectName] Editor" joined multi-casting on [225.0.0.222:54997]...

Player connection [5464] Host "[IP] 10.130.172.92 [Port] 0 [Flags] 2 [Guid] 768116775 [EditorId] 768116775 [Version] 1048832 [Id] WindowsEditor(7,VAR107) [Debug] 1 [PackageName] WindowsEditor [ProjectName] Editor" joined alternative multi-casting on [225.0.0.222:34997]...

Refreshing native plugins compatible for Editor in 186.04 ms, found 10 plugins.
Preloading 0 native plugins for Editor in 0.00 ms.
Initialize engine version: 2021.3.17f1 (3e8111cac19d)
[Subsystems] Discovering subsystems at path C:/Program Files/Unity/Hub/Editor/2021.3.17f1/Editor/Data/Resources/UnitySubsystems
[Subsystems] Discovering subsystems at path C:/Users/var05erick/Documents/Unity AR/Unity 2/Unity2Erick/Assets
GfxDevice: creating device client; threaded=0; jobified=0
Direct3D:
    Version:  Direct3D 11.0 [level 11.1]
    Renderer: NVIDIA GeForce RTX 2080 (ID=0x1e82)
    Vendor:   NVIDIA
    VRAM:     8001 MB
    Driver:   31.0.15.2737
Initialize mono
Mono path[0] = 'C:/Program Files/Unity/Hub/Editor/2021.3.17f1/Editor/Data/Managed'
Mono path[1] = 'C:/Program Files/Unity/Hub/Editor/2021.3.17f1/Editor/Data/MonoBleedingEdge/lib/mono/unityjit-win32'
Mono config path = 'C:/Program Files/Unity/Hub/Editor/2021.3.17f1/Editor/Data/MonoBleedingEdge/etc'
Using monoOptions --debugger-agent=transport=dt_socket,embedding=1,server=y,suspend=n,address=127.0.0.1:56484
Begin MonoManager ReloadAssembly
Registering precompiled unity dll's ...
Register platform support module: C:/Program Files/Unity/Hub/Editor/2021.3.17f1/Editor/Data/PlaybackEngines/WebGLSupport/UnityEditor.WebGL.Extensions.dll
Register platform support module: C:/Program Files/Unity/Hub/Editor/2021.3.17f1/Editor/Data/PlaybackEngines/MacStandaloneSupport/UnityEditor.OSXStandalone.Extensions.dll
Register platform support module: C:/Program Files/Unity/Hub/Editor/2021.3.17f1/Editor/Data/PlaybackEngines/AndroidPlayer/UnityEditor.Android.Extensions.dll
Register platform support module: C:/Program Files/Unity/Hub/Editor/2021.3.17f1/Editor/Data/PlaybackEngines/iOSSupport/UnityEditor.iOS.Extensions.dll
Register platform support module: C:/Program Files/Unity/Hub/Editor/2021.3.17f1/Editor/Data/PlaybackEngines/AppleTVSupport/UnityEditor.AppleTV.Extensions.dll
Register platform support module: C:/Program Files/Unity/Hub/Editor/2021.3.17f1/Editor/Data/PlaybackEngines/WindowsStandaloneSupport/UnityEditor.WindowsStandalone.Extensions.dll
Register platform support module: C:/Program Files/Unity/Hub/Editor/2021.3.17f1/Editor/Data/PlaybackEngines/MetroSupport/UnityEditor.UWP.Extensions.dll
Registered in 0.019601 seconds.
Native extension for UWP target not found
Native extension for WindowsStandalone target not found
[usbmuxd] Start listen thread
[usbmuxd] Listen thread started
Native extension for AppleTV target not found
[usbmuxd] Start listen thread
[usbmuxd] Listen thread started
Native extension for iOS target not found
Native extension for Android target not found
Android Extension - Scanning For ADB Devices 701 ms
Native extension for OSXStandalone target not found
Native extension for WebGL target not found
Refreshing native plugins compatible for Editor in 121.49 ms, found 10 plugins.
Preloading 0 native plugins for Editor in 0.00 ms.
Mono: successfully reloaded assembly
- Completed reload, in  1.773 seconds
Domain Reload Profiling:
	ReloadAssembly (1773ms)
		BeginReloadAssembly (276ms)
			ExecutionOrderSort (0ms)
			DisableScriptedObjects (0ms)
			BackupInstance (0ms)
			ReleaseScriptingObjects (0ms)
			CreateAndSetChildDomain (2ms)
		EndReloadAssembly (1349ms)
			LoadAssemblies (280ms)
			RebuildTransferFunctionScriptingTraits (0ms)
			SetupTypeCache (177ms)
			ReleaseScriptCaches (0ms)
			RebuildScriptCaches (32ms)
			SetupLoadedEditorAssemblies (1071ms)
				LogAssemblyErrors (0ms)
				InitializePlatformSupportModulesInManaged (824ms)
				SetLoadedEditorAssemblies (1ms)
				RefreshPlugins (122ms)
				BeforeProcessingInitializeOnLoad (1ms)
				ProcessInitializeOnLoadAttributes (84ms)
				ProcessInitializeOnLoadMethodAttributes (40ms)
				AfterProcessingInitializeOnLoad (0ms)
				EditorAssembliesLoaded (0ms)
			ExecutionOrderSort2 (0ms)
			AwakeInstancesAfterBackupRestoration (0ms)
Platform modules already initialized, skipping
Registering precompiled user dll's ...
Registered in 0.023888 seconds.
Begin MonoManager ReloadAssembly
Symbol file LoadedFromMemory doesn't match image C:\Users\var05erick\Documents\Unity AR\Unity 2\Unity2Erick\Library\PackageCache\com.unity.visualscripting@1.8.0\Editor\VisualScripting.Core\Dependencies\DotNetZip\Unity.VisualScripting.IonicZip.dll
Symbol file LoadedFromMemory doesn't match image C:\Users\var05erick\Documents\Unity AR\Unity 2\Unity2Erick\Library\PackageCache\com.unity.visualscripting@1.8.0\Editor\VisualScripting.Core\Dependencies\YamlDotNet\Unity.VisualScripting.YamlDotNet.dll
Native extension for UWP target not found
Native extension for WindowsStandalone target not found
Native extension for AppleTV target not found
Native extension for iOS target not found
Native extension for Android target not found
Native extension for OSXStandalone target not found
Native extension for WebGL target not found
Refreshing native plugins compatible for Editor in 122.94 ms, found 10 plugins.
Preloading 0 native plugins for Editor in 0.00 ms.
Package Manager log level set to [2]
Mono: successfully reloaded assembly
- Completed reload, in  2.228 seconds
Domain Reload Profiling:
	ReloadAssembly (2229ms)
		BeginReloadAssembly (265ms)
			ExecutionOrderSort (0ms)
			DisableScriptedObjects (5ms)
			BackupInstance (0ms)
			ReleaseScriptingObjects (0ms)
			CreateAndSetChildDomain (24ms)
		EndReloadAssembly (1790ms)
			LoadAssemblies (611ms)
			RebuildTransferFunctionScriptingTraits (0ms)
			SetupTypeCache (382ms)
			ReleaseScriptCaches (1ms)
			RebuildScriptCaches (71ms)
			SetupLoadedEditorAssemblies (800ms)
				LogAssemblyErrors (0ms)
				InitializePlatformSupportModulesInManaged (41ms)
				SetLoadedEditorAssemblies (0ms)
				RefreshPlugins (123ms)
				BeforeProcessingInitializeOnLoad (161ms)
				ProcessInitializeOnLoadAttributes (357ms)
				ProcessInitializeOnLoadMethodAttributes (106ms)
				AfterProcessingInitializeOnLoad (12ms)
				EditorAssembliesLoaded (0ms)
			ExecutionOrderSort2 (0ms)
			AwakeInstancesAfterBackupRestoration (7ms)
Platform modules already initialized, skipping
========================================================================
Worker process is ready to serve import requests
Launched and connected shader compiler UnityShaderCompiler.exe after 0.09 seconds
Refreshing native plugins compatible for Editor in 1.41 ms, found 10 plugins.
Preloading 0 native plugins for Editor in 0.00 ms.
Unloading 5681 Unused Serialized files (Serialized files now loaded: 0)
Unloading 66 unused Assets / (1.2 MB). Loaded Objects now: 6154.
Memory consumption went from 207.8 MB to 206.6 MB.
Total: 5.647300 ms (FindLiveObjects: 0.614300 ms CreateObjectMapping: 0.583100 ms MarkObjects: 3.750500 ms  DeleteObjects: 0.698300 ms)

AssetImportParameters requested are different than current active one (requested -> active):
  custom:video-decoder-ogg-theora: a1e56fd34408186e4bbccfd4996cb3dc -> 
  custom:container-muxer-webm: aa71ff27fc2769a1b78a27578f13a17b -> 
  custom:container-demuxer-webm: 4f35f7cbe854078d1ac9338744f61a02 -> 
  custom:video-encoder-webm-vp8: eb34c28f22e8b96e1ab97ce403110664 -> 
  custom:audio-encoder-webm-vorbis: bf7c407c2cedff20999df2af8eb42d56 -> 
  custom:framework-win-MediaFoundation: 216162199b28c13a410421893ffa2e32 -> 
  custom:container-demuxer-ogg: 62fdf1f143b41e24485cea50d1cbac27 -> 
  custom:video-decoder-webm-vp8: 9c59270c3fd7afecdb556c50c9e8de78 -> 
  custom:audio-decoder-ogg-vorbis: bf7c407c2cedff20999df2af8eb42d56 -> 
========================================================================
Received Import Request.
  Time since last request: 298195.029936 seconds.
  path: Assets/UnityXRContent/ARFoundation/SimulationEnvironments/LivingRoom/Prefab/Cabinet_30in_LR001.prefab
  artifactKey: Guid(c3f07a8d2e7df11488ff31537c443333) Importer(815301076,1909f56bfc062723c751e8b465ee728b)
Start importing Assets/UnityXRContent/ARFoundation/SimulationEnvironments/LivingRoom/Prefab/Cabinet_30in_LR001.prefab using Guid(c3f07a8d2e7df11488ff31537c443333) Importer(815301076,1909f56bfc062723c751e8b465ee728b)  -> (artifact id: 'f7c8072081dd25361ea829bee202afbd') in 0.321109 seconds 
========================================================================
Received Import Request.
  Time since last request: 0.892105 seconds.
  path: Assets/UnityXRContent/ARFoundation/SimulationEnvironments/LivingRoom/Prefab/Couch_88in_LR003.prefab
  artifactKey: Guid(b592504b8901d2948b88877950406f6a) Importer(815301076,1909f56bfc062723c751e8b465ee728b)
Start importing Assets/UnityXRContent/ARFoundation/SimulationEnvironments/LivingRoom/Prefab/Couch_88in_LR003.prefab using Guid(b592504b8901d2948b88877950406f6a) Importer(815301076,1909f56bfc062723c751e8b465ee728b)  -> (artifact id: '6d6f7d698c5f1472df22d3df371e00a3') in 0.027512 seconds 
========================================================================
Received Import Request.
  Time since last request: 0.559085 seconds.
  path: Assets/UnityXRContent/ARFoundation/SimulationEnvironments/LivingRoom/Prefab/EndTable_24in_LR002.prefab
  artifactKey: Guid(4e38ae11354a73d4a8b964b983fef16e) Importer(815301076,1909f56bfc062723c751e8b465ee728b)
Start importing Assets/UnityXRContent/ARFoundation/SimulationEnvironments/LivingRoom/Prefab/EndTable_24in_LR002.prefab using Guid(4e38ae11354a73d4a8b964b983fef16e) Importer(815301076,1909f56bfc062723c751e8b465ee728b)  -> (artifact id: '1f54ff69e6c4a01c1d418b2f1f18e743') in 0.035768 seconds 
========================================================================
Received Import Request.
  Time since last request: 0.018060 seconds.
  path: Assets/UnityXRContent/ARFoundation/SimulationEnvironments/LivingRoom/Prefab/Environment_18ftx13ft_LR001.prefab
  artifactKey: Guid(5f9b3445e5932e4449380e6aa4ae4125) Importer(815301076,1909f56bfc062723c751e8b465ee728b)
Start importing Assets/UnityXRContent/ARFoundation/SimulationEnvironments/LivingRoom/Prefab/Environment_18ftx13ft_LR001.prefab using Guid(5f9b3445e5932e4449380e6aa4ae4125) Importer(815301076,1909f56bfc062723c751e8b465ee728b)  -> (artifact id: '5713cfff903919910a6d4c687e85ba00') in 0.145306 seconds 
========================================================================
Received Import Request.
  Time since last request: 1.640898 seconds.
  path: Assets/UnityXRContent/ARFoundation/SimulationEnvironments/LivingRoom/Prefab/Houseplant_5ft_LR001.prefab
  artifactKey: Guid(c9520d76eedbd764087952d30dda1d30) Importer(815301076,1909f56bfc062723c751e8b465ee728b)
Start importing Assets/UnityXRContent/ARFoundation/SimulationEnvironments/LivingRoom/Prefab/Houseplant_5ft_LR001.prefab using Guid(c9520d76eedbd764087952d30dda1d30) Importer(815301076,1909f56bfc062723c751e8b465ee728b)  -> (artifact id: 'cabe0a37ad8af28828aa7de1b22f4003') in 0.024476 seconds 
========================================================================
Received Import Request.
  Time since last request: 0.607488 seconds.
  path: Assets/UnityXRContent/ARFoundation/SimulationEnvironments/LivingRoom/Prefab/Houseplant_17in_LR001.prefab
  artifactKey: Guid(33a0b889ca4697d4e9ab5599c939188e) Importer(815301076,1909f56bfc062723c751e8b465ee728b)
Start importing Assets/UnityXRContent/ARFoundation/SimulationEnvironments/LivingRoom/Prefab/Houseplant_17in_LR001.prefab using Guid(33a0b889ca4697d4e9ab5599c939188e) Importer(815301076,1909f56bfc062723c751e8b465ee728b)  -> (artifact id: 'f4ebc28dee1fcc12e895da7d07b2c0c4') in 0.021862 seconds 
========================================================================
Received Import Request.
  Time since last request: 7.300978 seconds.
  path: Assets/UnityXRContent/ARFoundation/SimulationEnvironments/LivingRoom/Prefab/MediaConsole_86in_LR001.prefab
  artifactKey: Guid(32670462627816848941ef9048fd2869) Importer(815301076,1909f56bfc062723c751e8b465ee728b)
Start importing Assets/UnityXRContent/ARFoundation/SimulationEnvironments/LivingRoom/Prefab/MediaConsole_86in_LR001.prefab using Guid(32670462627816848941ef9048fd2869) Importer(815301076,1909f56bfc062723c751e8b465ee728b)  -> (artifact id: '6ec28e0145a5af27711e8e432f2b4839') in 0.023374 seconds 
========================================================================
Received Import Request.
  Time since last request: 0.066413 seconds.
  path: Assets/UnityXRContent/ARFoundation/SimulationEnvironments/LivingRoom/Prefab/PictureFrame_10x10in_LR001.prefab
  artifactKey: Guid(4fa79ab1d35d6e84ba25e54b7623a606) Importer(815301076,1909f56bfc062723c751e8b465ee728b)
Start importing Assets/UnityXRContent/ARFoundation/SimulationEnvironments/LivingRoom/Prefab/PictureFrame_10x10in_LR001.prefab using Guid(4fa79ab1d35d6e84ba25e54b7623a606) Importer(815301076,1909f56bfc062723c751e8b465ee728b)  -> (artifact id: '39b0c43ad5bc033821ad26c80a92ef47') in 0.024298 seconds 
========================================================================
Received Import Request.
  Time since last request: 0.092932 seconds.
  path: Assets/UnityXRContent/ARFoundation/SimulationEnvironments/LivingRoom/Prefab/PictureFrame_19.5x24in_LR001.prefab
  artifactKey: Guid(3931f7ede7387f448971982e058e104b) Importer(815301076,1909f56bfc062723c751e8b465ee728b)
Start importing Assets/UnityXRContent/ARFoundation/SimulationEnvironments/LivingRoom/Prefab/PictureFrame_19.5x24in_LR001.prefab using Guid(3931f7ede7387f448971982e058e104b) Importer(815301076,1909f56bfc062723c751e8b465ee728b)  -> (artifact id: 'f0cc71674c4f5577a3d579b028bcdd97') in 0.027178 seconds 
========================================================================
Received Import Request.
  Time since last request: 0.044281 seconds.
  path: Assets/UnityXRContent/ARFoundation/SimulationEnvironments/LivingRoom/Prefab/Rug_5x8ft_LR001.prefab
  artifactKey: Guid(3e578fc884cd5af4db571eb0ffd872f1) Importer(815301076,1909f56bfc062723c751e8b465ee728b)
Start importing Assets/UnityXRContent/ARFoundation/SimulationEnvironments/LivingRoom/Prefab/Rug_5x8ft_LR001.prefab using Guid(3e578fc884cd5af4db571eb0ffd872f1) Importer(815301076,1909f56bfc062723c751e8b465ee728b)  -> (artifact id: '7e51f0278623d6929ced7faa4affe314') in 0.027757 seconds 
========================================================================
Received Import Request.
  Time since last request: 0.667450 seconds.
  path: Assets/UnityXRContent/ARFoundation/SimulationEnvironments/LivingRoom/Prefab/Sectional_106in_LR001.prefab
  artifactKey: Guid(9f40e44cfce3b0a4caaf12a8f466e3f7) Importer(815301076,1909f56bfc062723c751e8b465ee728b)
Start importing Assets/UnityXRContent/ARFoundation/SimulationEnvironments/LivingRoom/Prefab/Sectional_106in_LR001.prefab using Guid(9f40e44cfce3b0a4caaf12a8f466e3f7) Importer(815301076,1909f56bfc062723c751e8b465ee728b)  -> (artifact id: 'f033b640a39e88dd4782933e6c1ef1b6') in 0.026332 seconds 
========================================================================
Received Import Request.
  Time since last request: 0.074937 seconds.
  path: Assets/UnityXRContent/ARFoundation/SimulationEnvironments/LivingRoom/Prefab/Shelf_18in_LR001.prefab
  artifactKey: Guid(8335bbd27379b364f9fa58a56f59b866) Importer(815301076,1909f56bfc062723c751e8b465ee728b)
Start importing Assets/UnityXRContent/ARFoundation/SimulationEnvironments/LivingRoom/Prefab/Shelf_18in_LR001.prefab using Guid(8335bbd27379b364f9fa58a56f59b866) Importer(815301076,1909f56bfc062723c751e8b465ee728b)  -> (artifact id: 'd53fd5a9ff8bc609ac5d6843a2e068d7') in 0.020676 seconds 
========================================================================
Received Import Request.
  Time since last request: 0.071658 seconds.
  path: Assets/UnityXRContent/ARFoundation/SimulationEnvironments/LivingRoom/Prefab/Shelf_48in_LR002.prefab
  artifactKey: Guid(739b3789e36148a4b967deea3d59562c) Importer(815301076,1909f56bfc062723c751e8b465ee728b)
Start importing Assets/UnityXRContent/ARFoundation/SimulationEnvironments/LivingRoom/Prefab/Shelf_48in_LR002.prefab using Guid(739b3789e36148a4b967deea3d59562c) Importer(815301076,1909f56bfc062723c751e8b465ee728b)  -> (artifact id: '646d2133c1bb2a9453acbb48c1507603') in 0.026836 seconds 
========================================================================
Received Import Request.
  Time since last request: 0.589227 seconds.
  path: Assets/UnityXRContent/ARFoundation/SimulationEnvironments/LivingRoom/Prefab/TV_55in_LR001.prefab
  artifactKey: Guid(f3f335ff5297ac4468f0f32f05a3bee1) Importer(815301076,1909f56bfc062723c751e8b465ee728b)
Start importing Assets/UnityXRContent/ARFoundation/SimulationEnvironments/LivingRoom/Prefab/TV_55in_LR001.prefab using Guid(f3f335ff5297ac4468f0f32f05a3bee1) Importer(815301076,1909f56bfc062723c751e8b465ee728b)  -> (artifact id: '5a16d453d3d7cc761a32243c61965b7f') in 0.026307 seconds 
========================================================================
Received Import Request.
  Time since last request: 0.015834 seconds.
  path: Assets/UnityXRContent/ARFoundation/SimulationEnvironments/LivingRoom/Prefab/Wall_Scroll_7ft_LR001.prefab
  artifactKey: Guid(a2f5a154c26c9c54e96e312ae700ee1e) Importer(815301076,1909f56bfc062723c751e8b465ee728b)
Start importing Assets/UnityXRContent/ARFoundation/SimulationEnvironments/LivingRoom/Prefab/Wall_Scroll_7ft_LR001.prefab using Guid(a2f5a154c26c9c54e96e312ae700ee1e) Importer(815301076,1909f56bfc062723c751e8b465ee728b)  -> (artifact id: '89e3d92bda173cfdb8b8753db9455df7') in 0.020436 seconds 
Editor requested this worker to shutdown with reason: Scaling down because of idle timeout
AssetImportWorker is now disconnected from the server
Process exiting
Exiting without the bug reporter. Application will terminate with return code 0